<?xml version="1.0" encoding="UTF-8"?>
<testng-results skipped="0" failed="0" total="1" passed="1">
  <reporter-output>
  </reporter-output>
  <suite name="Default suite" duration-ms="23693" started-at="2018-10-27T09:23:44Z" finished-at="2018-10-27T09:24:07Z">
    <groups>
    </groups>
    <test name="Default test" duration-ms="23693" started-at="2018-10-27T09:23:44Z" finished-at="2018-10-27T09:24:07Z">
      <class name="practicePagefactoryWithTestingNG.TestNGEx">
        <test-method status="PASS" signature="testCases()[pri:0, instance:practicePagefactoryWithTestingNG.TestNGEx@a71081]" name="testCases" duration-ms="23677" started-at="2018-10-27T14:53:44Z" finished-at="2018-10-27T14:54:07Z">
          <reporter-output>
          </reporter-output>
        </test-method> <!-- testCases -->
      </class> <!-- practicePagefactoryWithTestingNG.TestNGEx -->
    </test> <!-- Default test -->
  </suite> <!-- Default suite -->
</testng-results>
